
* Info: "ref-cycles" not supported on ip-10-0-4-202: fallback to "cpu-clock"Global initial seed: 3753357913      argv[1]= 10000     argv[2]= 1000
%Average Relative Error: 2.36784464
Performance in seconds : 3.31

* Info: Dumping samples (host ip-10-0-4-202, process 4961)
* Info: Dumping source info for callchain nodes (host ip-10-0-4-202, process 4961)
* Info: Building/writing metadata (host ip-10-0-4-202)
* Info: Finished collect step (host ip-10-0-4-202, process 4961)

Your experiment path is /fsx/home/etud4-3/Team_Exafloppeurs/scripts/maqao_2025-01-24_16-13-57/tools/lprof_npsu_run_0

To display your profiling results:
########################################################################################################################################################
#    LEVEL    |     REPORT     |                                                        COMMAND                                                        #
########################################################################################################################################################
#  Functions  |  Cluster-wide  |  maqao lprof -df xp=/fsx/home/etud4-3/Team_Exafloppeurs/scripts/maqao_2025-01-24_16-13-57/tools/lprof_npsu_run_0      #
#  Functions  |  Per-node      |  maqao lprof -df -dn xp=/fsx/home/etud4-3/Team_Exafloppeurs/scripts/maqao_2025-01-24_16-13-57/tools/lprof_npsu_run_0  #
#  Functions  |  Per-process   |  maqao lprof -df -dp xp=/fsx/home/etud4-3/Team_Exafloppeurs/scripts/maqao_2025-01-24_16-13-57/tools/lprof_npsu_run_0  #
#  Functions  |  Per-thread    |  maqao lprof -df -dt xp=/fsx/home/etud4-3/Team_Exafloppeurs/scripts/maqao_2025-01-24_16-13-57/tools/lprof_npsu_run_0  #
#  Loops      |  Cluster-wide  |  maqao lprof -dl xp=/fsx/home/etud4-3/Team_Exafloppeurs/scripts/maqao_2025-01-24_16-13-57/tools/lprof_npsu_run_0      #
#  Loops      |  Per-node      |  maqao lprof -dl -dn xp=/fsx/home/etud4-3/Team_Exafloppeurs/scripts/maqao_2025-01-24_16-13-57/tools/lprof_npsu_run_0  #
#  Loops      |  Per-process   |  maqao lprof -dl -dp xp=/fsx/home/etud4-3/Team_Exafloppeurs/scripts/maqao_2025-01-24_16-13-57/tools/lprof_npsu_run_0  #
#  Loops      |  Per-thread    |  maqao lprof -dl -dt xp=/fsx/home/etud4-3/Team_Exafloppeurs/scripts/maqao_2025-01-24_16-13-57/tools/lprof_npsu_run_0  #
########################################################################################################################################################

